<?xml version="1.0" encoding="UTF-8"?>
<!-- Generated by org.testng.reporters.JUnitXMLReporter -->
<testsuite ignored="0" hostname="DESKTOP-57AN5QL" failures="4" tests="8" name="TestModuleOne" time="0.262" errors="0" timestamp="2023-12-16T13:40:03 IST">
  <testcase classname="Tpack.ClassOne" name="testOneA" time="0.0">
    <failure type="org.testng.TestNGException" message="
Cannot inject @Test annotated Method [testOneA] with [class java.lang.String].
For more information on native dependency injection please refer to https://testng.org/doc/documentation-main.html#native-dependency-injection">
      <![CDATA[org.testng.TestNGException: 
Cannot inject @Test annotated Method [testOneA] with [class java.lang.String].
For more information on native dependency injection please refer to https://testng.org/doc/documentation-main.html#native-dependency-injection
at java.base/java.util.concurrent.ThreadPoolExecutor.runWorker(ThreadPoolExecutor.java:1136)
at java.base/java.util.concurrent.ThreadPoolExecutor$Worker.run(ThreadPoolExecutor.java:635)
at java.base/java.lang.Thread.run(Thread.java:833)
... Removed 11 stack frames]]>
    </failure>
  </testcase> <!-- testOneA -->
  <testcase classname="Tpack.ClassOne" name="testOneB" time="0.0">
    <failure type="org.testng.TestNGException" message="
Cannot inject @Test annotated Method [testOneB] with [class java.lang.String].
For more information on native dependency injection please refer to https://testng.org/doc/documentation-main.html#native-dependency-injection">
      <![CDATA[org.testng.TestNGException: 
Cannot inject @Test annotated Method [testOneB] with [class java.lang.String].
For more information on native dependency injection please refer to https://testng.org/doc/documentation-main.html#native-dependency-injection
at java.base/java.util.concurrent.ThreadPoolExecutor.runWorker(ThreadPoolExecutor.java:1136)
at java.base/java.util.concurrent.ThreadPoolExecutor$Worker.run(ThreadPoolExecutor.java:635)
at java.base/java.lang.Thread.run(Thread.java:833)
... Removed 11 stack frames]]>
    </failure>
  </testcase> <!-- testOneB -->
  <testcase classname="Tpack.ClassOne" name="testOneC" time="0.0">
    <failure type="org.testng.TestNGException" message="
Cannot inject @Test annotated Method [testOneC] with [class java.lang.String].
For more information on native dependency injection please refer to https://testng.org/doc/documentation-main.html#native-dependency-injection">
      <![CDATA[org.testng.TestNGException: 
Cannot inject @Test annotated Method [testOneC] with [class java.lang.String].
For more information on native dependency injection please refer to https://testng.org/doc/documentation-main.html#native-dependency-injection
at java.base/java.util.concurrent.ThreadPoolExecutor.runWorker(ThreadPoolExecutor.java:1136)
at java.base/java.util.concurrent.ThreadPoolExecutor$Worker.run(ThreadPoolExecutor.java:635)
at java.base/java.lang.Thread.run(Thread.java:833)
... Removed 11 stack frames]]>
    </failure>
  </testcase> <!-- testOneC -->
  <testcase classname="Tpack.ClassOne" name="testOneD" time="0.0">
    <failure type="org.testng.TestNGException" message="
Cannot inject @Test annotated Method [testOneD] with [class java.lang.String].
For more information on native dependency injection please refer to https://testng.org/doc/documentation-main.html#native-dependency-injection">
      <![CDATA[org.testng.TestNGException: 
Cannot inject @Test annotated Method [testOneD] with [class java.lang.String].
For more information on native dependency injection please refer to https://testng.org/doc/documentation-main.html#native-dependency-injection
at java.base/java.util.concurrent.ThreadPoolExecutor.runWorker(ThreadPoolExecutor.java:1136)
at java.base/java.util.concurrent.ThreadPoolExecutor$Worker.run(ThreadPoolExecutor.java:635)
at java.base/java.lang.Thread.run(Thread.java:833)
... Removed 11 stack frames]]>
    </failure>
  </testcase> <!-- testOneD -->
  <testcase classname="Opak.ClassSix" name="testSix" time="0.047"/>
  <testcase classname="Kpak.ClassSeven" name="testSeven" time="0.009"/>
  <testcase classname="Tpack.ClassThree" name="testThree" time="0.102"/>
  <testcase classname="Opak.ClassFive" name="testFive" time="0.004"/>
</testsuite> <!-- TestModuleOne -->
