<?xml version="1.0" encoding="UTF-8"?>
<!-- Generated by org.testng.reporters.JUnitXMLReporter -->
<testsuite ignored="0" hostname="DESKTOP-57AN5QL" failures="1" tests="6" name="TestModuleTwo" time="4.06" errors="0" timestamp="2023-12-16T13:40:07 IST">
  <testcase classname="Tpack.ClassTwo" name="testTwo" time="0.004"/>
  <testcase classname="Kpak.ClassEight" name="macys" time="0.009"/>
  <testcase classname="Kpak.ClassEight" name="walmart" time="0.007"/>
  <testcase classname="Opak.ClassFour" name="testThree" time="0.0">
    <failure type="org.testng.TestNGException" message="
Parameter &amp;apos;URL&amp;apos; is required by @Test on method testThree but has not been marked @Optional or defined
in C:\Users\Saurabh\eclipse-workspace\PracticeAutomationTestNGAdvanced\testng.xml">
      <![CDATA[org.testng.TestNGException: 
Parameter 'URL' is required by @Test on method testThree but has not been marked @Optional or defined
in C:\Users\Saurabh\eclipse-workspace\PracticeAutomationTestNGAdvanced\testng.xml
at java.base/java.util.concurrent.ThreadPoolExecutor.runWorker(ThreadPoolExecutor.java:1136)
at java.base/java.util.concurrent.ThreadPoolExecutor$Worker.run(ThreadPoolExecutor.java:635)
at java.base/java.lang.Thread.run(Thread.java:833)
... Removed 11 stack frames]]>
    </failure>
  </testcase> <!-- testThree -->
  <testcase classname="Kpak.ClassEight" name="flipkart" time="0.009"/>
  <testcase classname="Kpak.ClassEight" name="amazon" time="4.019"/>
</testsuite> <!-- TestModuleTwo -->
